# JRE version: OpenJDK Runtime Environment (11.0.4+10) (build 11.0.4+10-b304.69)
# Java VM: OpenJDK 64-Bit Server VM (11.0.4+10-b304.69, mixed mode, tiered, compressed oops, g1 gc, bsd-amd64)
Heap:
 garbage-first heap   total 131072K, used 42579K [0x0000000780000000, 0x0000000800000000)
  region size 1024K, 37 young (37888K), 4 survivors (4096K)
 Metaspace       used 28803K, capacity 29399K, committed 29824K, reserved 1075200K
  class space    used 2952K, capacity 3181K, committed 3200K, reserved 1048576K
GC Heap History (8 events):
Event: 2.468 GC heap before
{Heap before GC invocations=0 (full 0):
 garbage-first heap   total 131072K, used 16384K [0x0000000780000000, 0x0000000800000000)
  region size 1024K, 14 young (14336K), 0 survivors (0K)
 Metaspace       used 18076K, capacity 18506K, committed 18688K, reserved 1064960K
  class space    used 2059K, capacity 2264K, committed 2304K, reserved 1048576K
}
Event: 2.476 GC heap after
{Heap after GC invocations=1 (full 0):
 garbage-first heap   total 131072K, used 5398K [0x0000000780000000, 0x0000000800000000)
  region size 1024K, 2 young (2048K), 2 survivors (2048K)
 Metaspace       used 18076K, capacity 18506K, committed 18688K, reserved 1064960K
  class space    used 2059K, capacity 2264K, committed 2304K, reserved 1048576K
}
Event: 13.050 GC heap before
{Heap before GC invocations=1 (full 0):
 garbage-first heap   total 131072K, used 9494K [0x0000000780000000, 0x0000000800000000)
  region size 1024K, 6 young (6144K), 2 survivors (2048K)
 Metaspace       used 18704K, capacity 19122K, committed 19328K, reserved 1067008K
  class space    used 2126K, capacity 2340K, committed 2432K, reserved 1048576K
}
Event: 13.058 GC heap after
{Heap after GC invocations=2 (full 0):
 garbage-first heap   total 131072K, used 7819K [0x0000000780000000, 0x0000000800000000)
  region size 1024K, 1 young (1024K), 1 survivors (1024K)
 Metaspace       used 18704K, capacity 19122K, committed 19328K, reserved 1067008K
  class space    used 2126K, capacity 2340K, committed 2432K, reserved 1048576K
}
Event: 14.308 GC heap before
{Heap before GC invocations=2 (full 0):
 garbage-first heap   total 131072K, used 8843K [0x0000000780000000, 0x0000000800000000)
  region size 1024K, 4 young (4096K), 1 survivors (1024K)
 Metaspace       used 20624K, capacity 21134K, committed 21248K, reserved 1069056K
  class space    used 2313K, capacity 2548K, committed 2560K, reserved 1048576K
}
Event: 14.312 GC heap after
{Heap after GC invocations=3 (full 0):
 garbage-first heap   total 131072K, used 8702K [0x0000000780000000, 0x0000000800000000)
  region size 1024K, 2 young (2048K), 2 survivors (2048K)
 Metaspace       used 20624K, capacity 21134K, committed 21248K, reserved 1069056K
  class space    used 2313K, capacity 2548K, committed 2560K, reserved 1048576K
}
Event: 15.569 GC heap before
{Heap before GC invocations=4 (full 0):
 garbage-first heap   total 131072K, used 43518K [0x0000000780000000, 0x0000000800000000)
  region size 1024K, 34 young (34816K), 2 survivors (2048K)
 Metaspace       used 27067K, capacity 27657K, committed 28288K, reserved 1075200K
  class space    used 2870K, capacity 3115K, committed 3200K, reserved 1048576K
}
Event: 15.579 GC heap after
{Heap after GC invocations=5 (full 0):
 garbage-first heap   total 131072K, used 10835K [0x0000000780000000, 0x0000000800000000)
  region size 1024K, 4 young (4096K), 4 survivors (4096K)
 Metaspace       used 27067K, capacity 27657K, committed 28288K, reserved 1075200K
  class space    used 2870K, capacity 3115K, committed 3200K, reserved 1048576K
}

